<?xml version="1.0" encoding="UTF-8"?>
<!-- Generated by org.testng.reporters.JUnitXMLReporter -->
<testsuite hostname="kgurindagunta-lp" ignored="0" name="AdaptiveRetail Test1" tests="4" failures="1" timestamp="2022-12-23T21:26:14 IST" time="63.634" errors="0">
  <testcase name="login on [LoginTest passed=0 failed=0 skipped=0]" time="2.766" classname="com.AdaptiveRetail.TestCases.LoginTest"/>
  <testcase name="verifyPersonalInfo on [PersonalinfoTest passed=0 failed=0 skipped=0]" time="4.5" classname="com.AdaptiveRetail.TestCases.PersonalinfoTest"/>
  <testcase name="checkboxTest on [CommunicationPreferenceTest passed=0 failed=0 skipped=0]" time="16.447" classname="com.AdaptiveRetail.TestCases.CommunicationPreferenceTest"/>
  <testcase name="paymentTest on [PaymerntMethodTest passed=0 failed=0 skipped=0]" time="5.648" classname="com.AdaptiveRetail.TestCases.PaymerntMethodTest">
    <failure type="java.lang.AssertionError" message="expected [true] but found [false]">
      <![CDATA[java.lang.AssertionError: expected [true] but found [false]
at com.AdaptiveRetail.TestCases.PaymerntMethodTest.paymentTest(PaymerntMethodTest.java:17)
at java.util.ArrayList.forEach(ArrayList.java:1259)
... Removed 31 stack frames]]>
    </failure>
  </testcase> <!-- paymentTest on [PaymerntMethodTest passed=0 failed=0 skipped=0] -->
</testsuite> <!-- AdaptiveRetail Test1 -->
